<?xml version="1.0" encoding="UTF-8"?>
<!-- Generated by org.testng.reporters.JUnitReportReporter -->
<testsuite hostname="Aryan.local" failures="0" tests="4" name="com.BStack.TestCase.CartPageTestCase" time="35.853" errors="0" timestamp="2025-10-24T14:44:25 IST" skipped="0">
  <testcase classname="com.BStack.TestCase.CartPageTestCase" name="testAddToCart" time="24.257"/>
  <testcase classname="com.BStack.TestCase.CartPageTestCase" name="testOrderSummary" time="2.148"/>
  <testcase classname="com.BStack.TestCase.CartPageTestCase" name="testShippingAddress" time="3.723"/>
  <testcase classname="com.BStack.TestCase.CartPageTestCase" name="testOrderConfirmation" time="5.725"/>
</testsuite> <!-- com.BStack.TestCase.CartPageTestCase -->
