<?xml version="1.0" encoding="UTF-8"?>
<!-- Generated by org.testng.reporters.JUnitReportReporter -->
<testsuite hostname="Aryan.local" failures="0" tests="2" name="com.BStack.TestCase.LoginPageTestCase" time="11.682" errors="0" timestamp="2025-10-23T21:32:39 IST" skipped="0">
  <testcase classname="com.BStack.TestCase.LoginPageTestCase" name="testLoginWithEmptyInput" time="4.157"/>
  <testcase classname="com.BStack.TestCase.LoginPageTestCase" name="testLoginWithValidData" time="7.525"/>
</testsuite> <!-- com.BStack.TestCase.LoginPageTestCase -->
