<?xml version="1.0" encoding="UTF-8"?>
<!-- Generated by org.testng.reporters.JUnitReportReporter -->
<testsuite hostname="Aryan.local" failures="0" tests="1" name="com.BStack.TestCase.ProductPageTestCase" time="19.446" errors="0" timestamp="2025-10-24T13:05:10 IST" skipped="0">
  <testcase classname="com.BStack.TestCase.ProductPageTestCase" name="testAsPerVendors" time="19.446"/>
</testsuite> <!-- com.BStack.TestCase.ProductPageTestCase -->
